src/train_model.py - INFO - 2019-05-30 17:12:54,783 -         user_id  book_id  rating
0  78, 156, 308       78       5
1  78, 156, 310       78       5
2  78, 156, 411       78       5
3  78, 156, 455       78       5
4  78, 156, 465       78       5
src/train_model.py - INFO - 2019-05-30 19:18:29,529 -         user_id  book_id  rating
0  78, 156, 308       78       5
1  78, 156, 310       78       5
2  78, 156, 411       78       5
3  78, 156, 455       78       5
4  78, 156, 465       78       5
src/train_model.py - INFO - 2019-05-30 19:19:59,535 -         user_id  book_id  rating
0  78, 156, 308       78       5
1  78, 156, 310       78       5
2  78, 156, 411       78       5
3  78, 156, 455       78       5
4  78, 156, 465       78       5
src/train_model.py - INFO - 2019-05-30 19:19:59,543 - {3: 20200, 4: 19136, 5: 10468, 2: 6511, 1: 2093}
src/train_model.py - INFO - 2019-05-30 19:20:47,749 -         user_id  book_id  rating
0  78, 156, 308       78       5
1  78, 156, 310       78       5
2  78, 156, 411       78       5
3  78, 156, 455       78       5
4  78, 156, 465       78       5
src/train_model.py - INFO - 2019-05-30 19:20:47,757 - {3: 20200, 4: 19136, 5: 10468, 2: 6511, 1: 2093}
src/train_model.py - INFO - 2019-05-30 19:22:08,118 -         user_id  book_id  rating
0  78, 156, 308       78       5
1  78, 156, 310       78       5
2  78, 156, 411       78       5
3  78, 156, 455       78       5
4  78, 156, 465       78       5
src/train_model.py - INFO - 2019-05-30 19:22:08,126 - {3: 20200, 4: 19136, 5: 10468, 2: 6511, 1: 2093}
src/train_model.py - INFO - 2019-05-30 19:24:02,190 -         user_id  book_id  rating
0  78, 156, 308       78       5
1  78, 156, 310       78       5
2  78, 156, 411       78       5
3  78, 156, 455       78       5
4  78, 156, 465       78       5
src/train_model.py - INFO - 2019-05-30 19:24:02,197 - {3: 20200, 4: 19136, 5: 10468, 2: 6511, 1: 2093}
src/train_model.py - INFO - 2019-05-30 19:24:55,896 -         user_id  book_id  rating
0  78, 156, 308       78       5
1  78, 156, 310       78       5
2  78, 156, 411       78       5
3  78, 156, 455       78       5
4  78, 156, 465       78       5
src/train_model.py - INFO - 2019-05-30 19:24:55,903 - {3: 20200, 4: 19136, 5: 10468, 2: 6511, 1: 2093}
src/train_model.py - INFO - 2019-05-30 19:26:18,082 -         user_id  book_id  rating
0  78, 156, 308       78       5
1  78, 156, 310       78       5
2  78, 156, 411       78       5
3  78, 156, 455       78       5
4  78, 156, 465       78       5
src/train_model.py - INFO - 2019-05-30 19:26:18,090 - {3: 20200, 4: 19136, 5: 10468, 2: 6511, 1: 2093}
src/train_model.py - INFO - 2019-05-30 19:38:45,919 -         user_id  book_id  rating
0  78, 156, 308       78       5
1  78, 156, 310       78       5
2  78, 156, 411       78       5
3  78, 156, 455       78       5
4  78, 156, 465       78       5
src/train_model.py - INFO - 2019-05-30 19:38:45,927 - {3: 20200, 4: 19136, 5: 10468, 2: 6511, 1: 2093}
src/train_model.py - INFO - 2019-05-30 19:50:54,165 -         user_id  book_id  rating
0  78, 156, 308       78       5
1  78, 156, 310       78       5
2  78, 156, 411       78       5
3  78, 156, 455       78       5
4  78, 156, 465       78       5
src/train_model.py - INFO - 2019-05-30 19:50:54,173 - {3: 20200, 4: 19136, 5: 10468, 2: 6511, 1: 2093}
src/score_model.py - INFO - 2019-05-30 20:03:17,786 - 0.9721035744723519
src/score_model.py - INFO - 2019-05-30 20:03:17,788 - 0.5326952680013293
src/score_model.py - INFO - 2019-05-30 20:03:35,448 - 0.9729330510183504
src/score_model.py - INFO - 2019-05-30 20:03:35,450 - 0.540979356144964
src/score_model.py - INFO - 2019-05-30 20:03:51,967 - 0.9720786092214664
src/score_model.py - INFO - 2019-05-30 20:03:51,969 - 0.5526852751682683
src/score_model.py - INFO - 2019-05-30 20:04:09,495 - 0.9727365183311008
src/score_model.py - INFO - 2019-05-30 20:04:09,498 - 0.5449672720657988
src/score_model.py - INFO - 2019-05-30 20:04:26,676 - 0.9717222222222223
src/score_model.py - INFO - 2019-05-30 20:04:26,678 - 0.5359564585246404
src/score_model.py - INFO - 2019-05-30 20:06:18,010 - Precision:
src/score_model.py - INFO - 2019-05-30 20:06:18,013 - 0.9713150397360925
src/score_model.py - INFO - 2019-05-30 20:06:18,013 - Accuracy
src/score_model.py - INFO - 2019-05-30 20:06:18,015 - 0.5373543772666581
src/score_model.py - INFO - 2019-05-30 20:06:36,476 - Precision:
src/score_model.py - INFO - 2019-05-30 20:06:36,479 - 0.9686373449816742
src/score_model.py - INFO - 2019-05-30 20:06:36,479 - Accuracy
src/score_model.py - INFO - 2019-05-30 20:06:36,480 - 0.5360745579001338
src/score_model.py - INFO - 2019-05-30 20:06:53,878 - Precision:
src/score_model.py - INFO - 2019-05-30 20:06:53,881 - 0.9745841499572844
src/score_model.py - INFO - 2019-05-30 20:06:53,881 - Accuracy
src/score_model.py - INFO - 2019-05-30 20:06:53,883 - 0.5295382808725185
src/score_model.py - INFO - 2019-05-30 20:07:10,886 - Precision:
src/score_model.py - INFO - 2019-05-30 20:07:10,889 - 0.9714383353584448
src/score_model.py - INFO - 2019-05-30 20:07:10,889 - Accuracy
src/score_model.py - INFO - 2019-05-30 20:07:10,891 - 0.5484351605934229
src/score_model.py - INFO - 2019-05-30 20:07:27,927 - Precision:
src/score_model.py - INFO - 2019-05-30 20:07:27,930 - 0.973482125024965
src/score_model.py - INFO - 2019-05-30 20:07:27,930 - Accuracy
src/score_model.py - INFO - 2019-05-30 20:07:27,932 - 0.5383964913323811
